FPR=0.29974021714742244
toothbrush PRO =0.792771940921014
spend 5781.895086526871
FPR=0.29957507118602544
transistor PRO =0.5310142453975728
spend 7751.608075380325
FPR=0.29989109836840444
grid PRO =0.9377054428093423
spend 10007.527322530746
FPR=0.29969231925489453
wood PRO =0.8216918969384636
spend 11286.751275777817
FPR=0.2998709968041238
bottle PRO =0.8067055520429528
spend 11536.74420285225
FPR=0.299724565136494
hazelnut PRO =0.8558431905261155
spend 13193.210094213486
FPR=0.2995302680656557
tile PRO =0.4814293706066934
spend 13191.009455442429
FPR=0.29963190834592063
leather PRO =0.7012218658967776
spend 15037.133057117462
FPR=0.2997610651932665
cable PRO =0.6130729999351622
spend 15129.154991865158
FPR=0.29844954112674094
carpet PRO =0.906800158415264
spend 15688.472965717316
FPR=0.2995496234116254
metal_nut PRO =0.7723592521470791
spend 16764.332141637802
FPR=0.2997806150617903
capsule PRO =0.6920500321858736
spend 18456.872127771378
FPR=0.2995538353364128
screw PRO =0.8530313229091001
spend 20048.373584508896
FPR=0.2993506349587844
zipper PRO =0.8567782688781233
spend 20376.303923130035
